0 verbose cli /home/nourhan/.nvm/versions/node/v24.4.1/bin/node /home/nourhan/.nvm/versions/node/v24.4.1/bin/npm
1 info using npm@11.4.2
2 info using node@v24.4.1
3 silly config load:file:/home/nourhan/.nvm/versions/node/v24.4.1/lib/node_modules/npm/npmrc
4 silly config load:file:/home/nourhan/Desktop/Other/other/alx-listing-app-04/.npmrc
5 silly config load:file:/home/nourhan/.npmrc
6 silly config load:file:/home/nourhan/.nvm/versions/node/v24.4.1/etc/npmrc
7 verbose title npm install axios
8 verbose argv "install" "axios" "--cache" ".npm-cache"
9 verbose logfile logs-max:10 dir:/home/nourhan/Desktop/Other/other/alx-listing-app-04/.npm-cache/_logs/2026-02-10T11_10_30_786Z-
10 verbose logfile /home/nourhan/Desktop/Other/other/alx-listing-app-04/.npm-cache/_logs/2026-02-10T11_10_30_786Z-debug-0.log
11 silly logfile done cleaning log files
12 silly packumentCache heap:4496293888 maxSize:1124073472 maxEntrySize:562036736
13 silly idealTree buildDeps
14 silly fetch manifest axios@*
15 silly packumentCache full:https://registry.npmjs.org/axios cache-miss
16 http fetch GET 200 https://registry.npmjs.org/axios 526ms (cache miss)
17 silly packumentCache full:https://registry.npmjs.org/axios set size:undefined disposed:false
18 silly placeDep ROOT axios@1.13.5 OK for:  want: *
19 silly fetch manifest follow-redirects@^1.15.11
20 silly packumentCache full:https://registry.npmjs.org/follow-redirects cache-miss
21 silly fetch manifest form-data@^4.0.5
22 silly packumentCache full:https://registry.npmjs.org/form-data cache-miss
23 silly fetch manifest proxy-from-env@^1.1.0
24 silly packumentCache full:https://registry.npmjs.org/proxy-from-env cache-miss
25 http fetch GET 200 https://registry.npmjs.org/follow-redirects 230ms (cache miss)
26 silly packumentCache full:https://registry.npmjs.org/follow-redirects set size:undefined disposed:false
27 http fetch GET 200 https://registry.npmjs.org/npm 942ms
28 http fetch GET 200 https://registry.npmjs.org/proxy-from-env 639ms (cache miss)
29 silly packumentCache full:https://registry.npmjs.org/proxy-from-env set size:undefined disposed:false
30 http fetch GET 200 https://registry.npmjs.org/form-data 646ms (cache miss)
31 silly packumentCache full:https://registry.npmjs.org/form-data set size:undefined disposed:false
32 silly placeDep ROOT follow-redirects@1.15.11 OK for: axios@1.13.5 want: ^1.15.11
33 silly placeDep ROOT form-data@4.0.5 OK for: axios@1.13.5 want: ^4.0.5
34 silly placeDep ROOT proxy-from-env@1.1.0 OK for: axios@1.13.5 want: ^1.1.0
35 silly fetch manifest asynckit@^0.4.0
36 silly packumentCache full:https://registry.npmjs.org/asynckit cache-miss
37 silly fetch manifest combined-stream@^1.0.8
38 silly packumentCache full:https://registry.npmjs.org/combined-stream cache-miss
39 silly fetch manifest es-set-tostringtag@^2.1.0
40 silly packumentCache full:https://registry.npmjs.org/es-set-tostringtag cache-miss
41 http fetch GET 200 https://registry.npmjs.org/asynckit 110ms (cache miss)
42 silly packumentCache full:https://registry.npmjs.org/asynckit set size:undefined disposed:false
43 silly fetch manifest hasown@^2.0.2
44 silly packumentCache full:https://registry.npmjs.org/hasown cache-miss
45 http fetch GET 200 https://registry.npmjs.org/combined-stream 144ms (cache miss)
46 silly packumentCache full:https://registry.npmjs.org/combined-stream set size:undefined disposed:false
47 silly fetch manifest mime-types@^2.1.12
48 silly packumentCache full:https://registry.npmjs.org/mime-types cache-miss
49 http fetch GET 200 https://registry.npmjs.org/es-set-tostringtag 149ms (cache miss)
50 silly packumentCache full:https://registry.npmjs.org/es-set-tostringtag set size:undefined disposed:false
51 http fetch GET 200 https://registry.npmjs.org/hasown 122ms (cache miss)
52 silly packumentCache full:https://registry.npmjs.org/hasown set size:undefined disposed:false
53 http fetch GET 200 https://registry.npmjs.org/mime-types 134ms (cache miss)
54 silly packumentCache full:https://registry.npmjs.org/mime-types set size:undefined disposed:false
55 silly placeDep ROOT asynckit@0.4.0 OK for: form-data@4.0.5 want: ^0.4.0
56 silly placeDep ROOT combined-stream@1.0.8 OK for: form-data@4.0.5 want: ^1.0.8
57 silly placeDep ROOT es-set-tostringtag@2.1.0 OK for: form-data@4.0.5 want: ^2.1.0
58 silly placeDep ROOT hasown@2.0.2 OK for: form-data@4.0.5 want: ^2.0.2
59 silly placeDep ROOT mime-types@2.1.35 OK for: form-data@4.0.5 want: ^2.1.12
60 silly fetch manifest delayed-stream@~1.0.0
61 silly packumentCache full:https://registry.npmjs.org/delayed-stream cache-miss
62 silly fetch manifest es-errors@^1.3.0
63 silly packumentCache full:https://registry.npmjs.org/es-errors cache-miss
64 silly fetch manifest get-intrinsic@^1.2.6
65 silly packumentCache full:https://registry.npmjs.org/get-intrinsic cache-miss
66 http fetch GET 200 https://registry.npmjs.org/delayed-stream 137ms (cache miss)
67 silly packumentCache full:https://registry.npmjs.org/delayed-stream set size:undefined disposed:false
68 silly fetch manifest has-tostringtag@^1.0.2
69 silly packumentCache full:https://registry.npmjs.org/has-tostringtag cache-miss
70 http fetch GET 200 https://registry.npmjs.org/es-errors 144ms (cache miss)
71 silly packumentCache full:https://registry.npmjs.org/es-errors set size:undefined disposed:false
72 silly fetch manifest function-bind@^1.1.2
73 silly packumentCache full:https://registry.npmjs.org/function-bind cache-miss
74 http fetch GET 200 https://registry.npmjs.org/has-tostringtag 105ms (cache miss)
75 silly packumentCache full:https://registry.npmjs.org/has-tostringtag set size:undefined disposed:false
76 silly fetch manifest mime-db@1.52.0
77 silly packumentCache full:https://registry.npmjs.org/mime-db cache-miss
78 http fetch GET 200 https://registry.npmjs.org/function-bind 117ms (cache miss)
79 silly packumentCache full:https://registry.npmjs.org/function-bind set size:undefined disposed:false
80 http fetch GET 200 https://registry.npmjs.org/get-intrinsic 290ms (cache miss)
81 silly packumentCache full:https://registry.npmjs.org/get-intrinsic set size:undefined disposed:false
82 http fetch GET 200 https://registry.npmjs.org/mime-db 186ms (cache miss)
83 silly packumentCache full:https://registry.npmjs.org/mime-db set size:undefined disposed:false
84 silly placeDep ROOT delayed-stream@1.0.0 OK for: combined-stream@1.0.8 want: ~1.0.0
85 silly placeDep ROOT es-errors@1.3.0 OK for: es-set-tostringtag@2.1.0 want: ^1.3.0
86 silly placeDep ROOT get-intrinsic@1.3.0 OK for: es-set-tostringtag@2.1.0 want: ^1.2.6
87 silly placeDep ROOT has-tostringtag@1.0.2 OK for: es-set-tostringtag@2.1.0 want: ^1.0.2
88 silly fetch manifest gopd@^1.2.0
89 silly packumentCache full:https://registry.npmjs.org/gopd cache-miss
90 silly fetch manifest get-proto@^1.0.1
91 silly packumentCache full:https://registry.npmjs.org/get-proto cache-miss
92 silly fetch manifest has-symbols@^1.1.0
93 silly packumentCache full:https://registry.npmjs.org/has-symbols cache-miss
94 http fetch GET 200 https://registry.npmjs.org/gopd 174ms (cache miss)
95 silly packumentCache full:https://registry.npmjs.org/gopd set size:undefined disposed:false
96 silly fetch manifest es-object-atoms@^1.1.1
97 silly packumentCache full:https://registry.npmjs.org/es-object-atoms cache-miss
98 http fetch GET 200 https://registry.npmjs.org/get-proto 188ms (cache miss)
99 silly packumentCache full:https://registry.npmjs.org/get-proto set size:undefined disposed:false
100 silly fetch manifest math-intrinsics@^1.1.0
101 silly packumentCache full:https://registry.npmjs.org/math-intrinsics cache-miss
102 http fetch GET 200 https://registry.npmjs.org/has-symbols 204ms (cache miss)
103 silly packumentCache full:https://registry.npmjs.org/has-symbols set size:undefined disposed:false
104 silly fetch manifest es-define-property@^1.0.1
105 silly packumentCache full:https://registry.npmjs.org/es-define-property cache-miss
106 http fetch GET 200 https://registry.npmjs.org/math-intrinsics 108ms (cache miss)
107 silly packumentCache full:https://registry.npmjs.org/math-intrinsics set size:undefined disposed:false
108 silly fetch manifest call-bind-apply-helpers@^1.0.2
109 silly packumentCache full:https://registry.npmjs.org/call-bind-apply-helpers cache-miss
110 http fetch GET 200 https://registry.npmjs.org/es-object-atoms 131ms (cache miss)
111 silly packumentCache full:https://registry.npmjs.org/es-object-atoms set size:undefined disposed:false
112 silly fetch manifest has-symbols@^1.0.3
113 silly packumentCache full:https://registry.npmjs.org/has-symbols cache-miss
114 http fetch GET 200 https://registry.npmjs.org/es-define-property 112ms (cache miss)
115 silly packumentCache full:https://registry.npmjs.org/es-define-property set size:undefined disposed:false
116 http cache https://registry.npmjs.org/has-symbols 20ms (cache hit)
117 silly packumentCache full:https://registry.npmjs.org/has-symbols set size:21550 disposed:false
118 http fetch GET 200 https://registry.npmjs.org/call-bind-apply-helpers 130ms (cache miss)
119 silly packumentCache full:https://registry.npmjs.org/call-bind-apply-helpers set size:undefined disposed:false
120 silly placeDep ROOT call-bind-apply-helpers@1.0.2 OK for: get-intrinsic@1.3.0 want: ^1.0.2
121 silly placeDep ROOT es-define-property@1.0.1 OK for: get-intrinsic@1.3.0 want: ^1.0.1
122 silly placeDep ROOT es-object-atoms@1.1.1 OK for: get-intrinsic@1.3.0 want: ^1.1.1
123 silly placeDep ROOT function-bind@1.1.2 OK for: get-intrinsic@1.3.0 want: ^1.1.2
124 silly placeDep ROOT get-proto@1.0.1 OK for: get-intrinsic@1.3.0 want: ^1.0.1
125 silly placeDep ROOT gopd@1.2.0 OK for: get-intrinsic@1.3.0 want: ^1.2.0
126 silly placeDep ROOT has-symbols@1.1.0 OK for: get-intrinsic@1.3.0 want: ^1.1.0
127 silly placeDep ROOT math-intrinsics@1.1.0 OK for: get-intrinsic@1.3.0 want: ^1.1.0
128 silly fetch manifest dunder-proto@^1.0.1
129 silly packumentCache full:https://registry.npmjs.org/dunder-proto cache-miss
130 http fetch GET 200 https://registry.npmjs.org/dunder-proto 112ms (cache miss)
131 silly packumentCache full:https://registry.npmjs.org/dunder-proto set size:undefined disposed:false
132 silly placeDep ROOT dunder-proto@1.0.1 OK for: get-proto@1.0.1 want: ^1.0.1
133 silly placeDep ROOT mime-db@1.52.0 OK for: mime-types@2.1.35 want: 1.52.0
134 silly reify moves {}
135 http cache mime-db@https://registry.npmjs.org/mime-db/-/mime-db-1.52.0.tgz 0ms (cache hit)
136 http cache dunder-proto@https://registry.npmjs.org/dunder-proto/-/dunder-proto-1.0.1.tgz 0ms (cache hit)
137 http cache has-symbols@https://registry.npmjs.org/has-symbols/-/has-symbols-1.1.0.tgz 0ms (cache hit)
138 http cache math-intrinsics@https://registry.npmjs.org/math-intrinsics/-/math-intrinsics-1.1.0.tgz 0ms (cache hit)
139 http cache gopd@https://registry.npmjs.org/gopd/-/gopd-1.2.0.tgz 0ms (cache hit)
140 http cache get-proto@https://registry.npmjs.org/get-proto/-/get-proto-1.0.1.tgz 0ms (cache hit)
141 http cache function-bind@https://registry.npmjs.org/function-bind/-/function-bind-1.1.2.tgz 0ms (cache hit)
142 http cache es-object-atoms@https://registry.npmjs.org/es-object-atoms/-/es-object-atoms-1.1.1.tgz 0ms (cache hit)
143 http cache es-define-property@https://registry.npmjs.org/es-define-property/-/es-define-property-1.0.1.tgz 0ms (cache hit)
144 http cache call-bind-apply-helpers@https://registry.npmjs.org/call-bind-apply-helpers/-/call-bind-apply-helpers-1.0.2.tgz 0ms (cache hit)
145 http cache has-tostringtag@https://registry.npmjs.org/has-tostringtag/-/has-tostringtag-1.0.2.tgz 0ms (cache hit)
146 http cache get-intrinsic@https://registry.npmjs.org/get-intrinsic/-/get-intrinsic-1.3.0.tgz 0ms (cache hit)
147 http cache es-errors@https://registry.npmjs.org/es-errors/-/es-errors-1.3.0.tgz 0ms (cache hit)
148 http cache delayed-stream@https://registry.npmjs.org/delayed-stream/-/delayed-stream-1.0.0.tgz 0ms (cache hit)
149 http cache mime-types@https://registry.npmjs.org/mime-types/-/mime-types-2.1.35.tgz 0ms (cache hit)
150 http cache hasown@https://registry.npmjs.org/hasown/-/hasown-2.0.2.tgz 0ms (cache hit)
151 http cache es-set-tostringtag@https://registry.npmjs.org/es-set-tostringtag/-/es-set-tostringtag-2.1.0.tgz 0ms (cache hit)
152 http cache combined-stream@https://registry.npmjs.org/combined-stream/-/combined-stream-1.0.8.tgz 0ms (cache hit)
153 http cache asynckit@https://registry.npmjs.org/asynckit/-/asynckit-0.4.0.tgz 0ms (cache hit)
154 http cache form-data@https://registry.npmjs.org/form-data/-/form-data-4.0.5.tgz 0ms (cache hit)
155 http cache proxy-from-env@https://registry.npmjs.org/proxy-from-env/-/proxy-from-env-1.1.0.tgz 0ms (cache hit)
156 http cache follow-redirects@https://registry.npmjs.org/follow-redirects/-/follow-redirects-1.15.11.tgz 0ms (cache hit)
157 http cache axios@https://registry.npmjs.org/axios/-/axios-1.13.5.tgz 0ms (cache hit)
158 silly tarball no local data for mime-db@https://registry.npmjs.org/mime-db/-/mime-db-1.52.0.tgz. Extracting by manifest.
159 silly tarball no local data for dunder-proto@https://registry.npmjs.org/dunder-proto/-/dunder-proto-1.0.1.tgz. Extracting by manifest.
160 silly tarball no local data for has-symbols@https://registry.npmjs.org/has-symbols/-/has-symbols-1.1.0.tgz. Extracting by manifest.
161 silly tarball no local data for math-intrinsics@https://registry.npmjs.org/math-intrinsics/-/math-intrinsics-1.1.0.tgz. Extracting by manifest.
162 silly tarball no local data for gopd@https://registry.npmjs.org/gopd/-/gopd-1.2.0.tgz. Extracting by manifest.
163 silly tarball no local data for get-proto@https://registry.npmjs.org/get-proto/-/get-proto-1.0.1.tgz. Extracting by manifest.
164 silly tarball no local data for function-bind@https://registry.npmjs.org/function-bind/-/function-bind-1.1.2.tgz. Extracting by manifest.
165 silly tarball no local data for es-object-atoms@https://registry.npmjs.org/es-object-atoms/-/es-object-atoms-1.1.1.tgz. Extracting by manifest.
166 silly tarball no local data for es-define-property@https://registry.npmjs.org/es-define-property/-/es-define-property-1.0.1.tgz. Extracting by manifest.
167 silly tarball no local data for call-bind-apply-helpers@https://registry.npmjs.org/call-bind-apply-helpers/-/call-bind-apply-helpers-1.0.2.tgz. Extracting by manifest.
168 silly tarball no local data for has-tostringtag@https://registry.npmjs.org/has-tostringtag/-/has-tostringtag-1.0.2.tgz. Extracting by manifest.
169 silly tarball no local data for get-intrinsic@https://registry.npmjs.org/get-intrinsic/-/get-intrinsic-1.3.0.tgz. Extracting by manifest.
170 silly tarball no local data for es-errors@https://registry.npmjs.org/es-errors/-/es-errors-1.3.0.tgz. Extracting by manifest.
171 silly tarball no local data for delayed-stream@https://registry.npmjs.org/delayed-stream/-/delayed-stream-1.0.0.tgz. Extracting by manifest.
172 silly tarball no local data for mime-types@https://registry.npmjs.org/mime-types/-/mime-types-2.1.35.tgz. Extracting by manifest.
173 silly tarball no local data for hasown@https://registry.npmjs.org/hasown/-/hasown-2.0.2.tgz. Extracting by manifest.
174 silly tarball no local data for es-set-tostringtag@https://registry.npmjs.org/es-set-tostringtag/-/es-set-tostringtag-2.1.0.tgz. Extracting by manifest.
175 silly tarball no local data for combined-stream@https://registry.npmjs.org/combined-stream/-/combined-stream-1.0.8.tgz. Extracting by manifest.
176 silly tarball no local data for asynckit@https://registry.npmjs.org/asynckit/-/asynckit-0.4.0.tgz. Extracting by manifest.
177 silly tarball no local data for form-data@https://registry.npmjs.org/form-data/-/form-data-4.0.5.tgz. Extracting by manifest.
178 silly tarball no local data for proxy-from-env@https://registry.npmjs.org/proxy-from-env/-/proxy-from-env-1.1.0.tgz. Extracting by manifest.
179 silly tarball no local data for follow-redirects@https://registry.npmjs.org/follow-redirects/-/follow-redirects-1.15.11.tgz. Extracting by manifest.
180 silly tarball no local data for axios@https://registry.npmjs.org/axios/-/axios-1.13.5.tgz. Extracting by manifest.
181 http fetch GET 200 https://registry.npmjs.org/mime-db/-/mime-db-1.52.0.tgz 178ms (cache miss)
182 http fetch GET 200 https://registry.npmjs.org/has-symbols/-/has-symbols-1.1.0.tgz 185ms (cache miss)
183 http fetch GET 200 https://registry.npmjs.org/dunder-proto/-/dunder-proto-1.0.1.tgz 188ms (cache miss)
184 http fetch GET 200 https://registry.npmjs.org/math-intrinsics/-/math-intrinsics-1.1.0.tgz 192ms (cache miss)
185 http fetch GET 200 https://registry.npmjs.org/hasown/-/hasown-2.0.2.tgz 288ms (cache miss)
186 http fetch GET 200 https://registry.npmjs.org/es-set-tostringtag/-/es-set-tostringtag-2.1.0.tgz 437ms (cache miss)
187 http fetch GET 200 https://registry.npmjs.org/combined-stream/-/combined-stream-1.0.8.tgz 448ms (cache miss)
188 http fetch GET 200 https://registry.npmjs.org/asynckit/-/asynckit-0.4.0.tgz 472ms (cache miss)
189 http fetch GET 200 https://registry.npmjs.org/proxy-from-env/-/proxy-from-env-1.1.0.tgz 473ms (cache miss)
190 http fetch GET 200 https://registry.npmjs.org/follow-redirects/-/follow-redirects-1.15.11.tgz 493ms (cache miss)
191 http fetch GET 200 https://registry.npmjs.org/form-data/-/form-data-4.0.5.tgz 504ms (cache miss)
192 http fetch GET 200 https://registry.npmjs.org/get-proto/-/get-proto-1.0.1.tgz 519ms (cache miss)
193 http fetch GET 200 https://registry.npmjs.org/es-object-atoms/-/es-object-atoms-1.1.1.tgz 522ms (cache miss)
194 http fetch GET 200 https://registry.npmjs.org/function-bind/-/function-bind-1.1.2.tgz 793ms (cache miss)
195 http fetch GET 200 https://registry.npmjs.org/es-errors/-/es-errors-1.3.0.tgz 800ms (cache miss)
196 http fetch GET 200 https://registry.npmjs.org/es-define-property/-/es-define-property-1.0.1.tgz 835ms (cache miss)
197 http fetch GET 200 https://registry.npmjs.org/gopd/-/gopd-1.2.0.tgz 1079ms (cache miss)
198 http fetch GET 200 https://registry.npmjs.org/delayed-stream/-/delayed-stream-1.0.0.tgz 1098ms (cache miss)
199 http fetch GET 200 https://registry.npmjs.org/mime-types/-/mime-types-2.1.35.tgz 1108ms (cache miss)
200 http fetch GET 200 https://registry.npmjs.org/call-bind-apply-helpers/-/call-bind-apply-helpers-1.0.2.tgz 1135ms (cache miss)
201 http fetch GET 200 https://registry.npmjs.org/get-intrinsic/-/get-intrinsic-1.3.0.tgz 1134ms (cache miss)
202 http fetch GET 200 https://registry.npmjs.org/has-tostringtag/-/has-tostringtag-1.0.2.tgz 1135ms (cache miss)
203 http fetch GET 200 https://registry.npmjs.org/axios/-/axios-1.13.5.tgz 1197ms (cache miss)
204 silly ADD node_modules/mime-db
205 silly ADD node_modules/dunder-proto
206 silly ADD node_modules/math-intrinsics
207 silly ADD node_modules/has-symbols
208 silly ADD node_modules/gopd
209 silly ADD node_modules/get-proto
210 silly ADD node_modules/function-bind
211 silly ADD node_modules/es-object-atoms
212 silly ADD node_modules/es-define-property
213 silly ADD node_modules/call-bind-apply-helpers
214 silly ADD node_modules/has-tostringtag
215 silly ADD node_modules/get-intrinsic
216 silly ADD node_modules/es-errors
217 silly ADD node_modules/delayed-stream
218 silly ADD node_modules/mime-types
219 silly ADD node_modules/hasown
220 silly ADD node_modules/es-set-tostringtag
221 silly ADD node_modules/combined-stream
222 silly ADD node_modules/asynckit
223 silly ADD node_modules/proxy-from-env
224 silly ADD node_modules/form-data
225 silly ADD node_modules/follow-redirects
226 silly ADD node_modules/axios
227 verbose cwd /home/nourhan/Desktop/Other/other/alx-listing-app-04
228 verbose os Linux 6.8.0-90-generic
229 verbose node v24.4.1
230 verbose npm  v11.4.2
231 notice
231 notice New minor version of npm available! 11.4.2 -> 11.9.0
231 notice Changelog: https://github.com/npm/cli/releases/tag/v11.9.0
231 notice To update run: npm install -g npm@11.9.0
231 notice  { force: true, Symbol(proc-log.meta): true }
232 verbose exit 0
233 info ok
